              _______           _______  _______ 
    │\     /│(  ___  )│\     /│(  ___  )(  ____ \
    │ )   ( ││ (   ) ││ )   ( ││ (   ) ││ (    \/
    │ (___) ││ (___) ││ │   │ ││ │   │ ││ │      
    │  ___  ││  ___  │( (   ) )│ │   │ ││ │      
    │ (   ) ││ (   ) │ \ \_/ / │ │   │ ││ │      
    │ )   ( ││ )   ( │  \   /  │ (___) ││ (____/\
    │/     \││/     \│   \_/   (_______)(_______/

  	 pwn and elevate until it's done

[06:48:29] [DBUG] [cmd.init.func2:59]: Debug mode enabled
[06:48:29] [INFO] Havoc Framework [Version: 0.7] [CodeName: Bites The Dust]
[06:48:29] [INFO] Havoc profile: ./profiles/havoc.yaotl
[06:48:29] [INFO] Build: 
 - Compiler x64 : data/x86_64-w64-mingw32-cross/bin/x86_64-w64-mingw32-gcc
 - Compiler x86 : data/i686-w64-mingw32-cross/bin/i686-w64-mingw32-gcc
 - Nasm         : /usr/bin/nasm
[06:48:29] [INFO] Time: 13/07/2024 06:48:29
[06:48:29] [INFO] Teamserver logs saved under: data/loot/2024.07.13._06:48:29
[06:48:29] [DBUG] [server.(*Teamserver).Start:53]: Starting teamserver...
[06:48:29] [INFO] Starting Teamserver on wss://0.0.0.0:40056
[06:48:29] [INFO] [SERVICE] starting service handle on wss://0.0.0.0:40056/service-endpoint
[06:48:29] [INFO] Opens existing database: data/teamserver.db
[06:48:29] [DBUG] [certs.HTTPSGenerateRSACertificate:301]: Generating TLS certificate (RSA) for '0.0.0.0' ...
[06:48:29] [INFO] Starting 1 listeners from last session
[06:48:29] [DBUG] [handlers.(*HTTP).Start:204]: Setup HTTP/s Server
[06:48:29] [INFO] Started "1" listener: http://192.168.17.137:80
[06:48:29] [INFO] Restored 5 agents from last session
[06:48:29] [DBUG] [server.(*Teamserver).Start:492]: Wait til the server shutdown
[06:48:29] [DBUG] [certs.generateCertificate:223]: Valid from 2023-09-16 06:48:29.534195583 -0400 EDT to 2026-09-15 06:48:29.534195583 -0400 EDT
[06:48:29] [DBUG] [certs.generateCertificate:228]: Serial Number: 160017586069030077931249766974475741167
[06:48:29] [DBUG] [certs.generateCertificate:234]: Authority certificate
[06:48:29] [DBUG] [certs.generateCertificate:247]: ExtKeyUsage = [1 2]
[06:48:29] [DBUG] [certs.generateCertificate:263]: Certificate authenticates IP address: 0.0.0.0
[06:48:29] [DBUG] [certs.generateCertificate:278]: Certificate is an AUTHORITY
[06:48:31] [DBUG] [server.(*Teamserver).ClientAuthenticate:658]: Found User: 5pider
[06:48:31] [DBUG] [server.(*Teamserver).ClientAuthenticate:665]: User 5pider is authenticated
[06:48:31] [GOOD] User <5pider> Authenticated
[06:48:37] [DBUG] [builder.NewBuilder:179]: Payload Builder: Enable Debug Mode false
[06:48:37] [DBUG] [server.(*Teamserver).DispatchEvent.func18:882]: Windows Shellcode
[06:48:37] [DBUG] [builder.(*Builder).PatchConfig:579]: map[Amsi/Etw Patch:None Indirect Syscall:false Injection:map[Alloc:Native/Syscall Execute:Native/Syscall Spawn32:C:\Windows\SysWOW64\notepad.exe Spawn64:C:\Windows\System32\notepad.exe] Jitter:15 Proxy Loading:None (LdrLoadDll) Sleep:2 Sleep Jmp Gadget:None Sleep Technique:WaitForSingleObjectEx Stack Duplication:false]
[06:48:37] [DBUG] [builder.(*Builder).PatchConfig:915]: Host => 192.168.17.137
[06:48:37] [DBUG] [builder.(*Builder).PatchConfig:940]: host only
[06:48:37] [DBUG] [builder.(*Builder).PatchConfig:971]: 
[06:48:37] [DBUG] [builder.(*Builder).PatchConfig:982]: 
[06:48:37] [DBUG] [builder.(*Builder).Build:331]: /usr/bin/nasm -f win64 src/asm/Spoof.x64.asm -o /tmp/17a093218d/0f4b070652.o
[06:48:37] [DBUG] [builder.(*Builder).Build:331]: /usr/bin/nasm -f win64 src/asm/Syscall.x64.asm -o /tmp/17a093218d/85ae538381.o
[06:48:37] [DBUG] [builder.(*Builder).Build:389]: Compile dll and prepend shellcode to it.
[06:48:37] [DBUG] [builder.NewBuilder:179]: Payload Builder: Enable Debug Mode false
[06:48:37] [DBUG] [builder.(*Builder).SetPatchConfig:465]: Set Patch config from Profile
[06:48:37] [DBUG] [builder.(*Builder).PatchConfig:579]: map[Amsi/Etw Patch:None Indirect Syscall:false Injection:map[Alloc:Native/Syscall Execute:Native/Syscall Spawn32:C:\Windows\SysWOW64\notepad.exe Spawn64:C:\Windows\System32\notepad.exe] Jitter:15 Proxy Loading:None (LdrLoadDll) Sleep:2 Sleep Jmp Gadget:None Sleep Technique:WaitForSingleObjectEx Stack Duplication:false]
[06:48:37] [DBUG] [builder.(*Builder).PatchConfig:915]: Host => 192.168.17.137
[06:48:37] [DBUG] [builder.(*Builder).PatchConfig:940]: host only
[06:48:37] [DBUG] [builder.(*Builder).PatchConfig:971]: 
[06:48:37] [DBUG] [builder.(*Builder).PatchConfig:982]: 
[06:48:37] [DBUG] [builder.(*Builder).Build:331]: /usr/bin/nasm -f win64 src/asm/Spoof.x64.asm -o /tmp/48d94b471c/3607ea328c.o
[06:48:37] [DBUG] [builder.(*Builder).Build:331]: /usr/bin/nasm -f win64 src/asm/Syscall.x64.asm -o /tmp/48d94b471c/f0e5a49f2c.o
[06:48:37] [DBUG] [builder.(*Builder).Build:379]: Compile dll
[06:49:33] [DBUG] [builder.(*Builder).Build:410]: Successful compiled Dll
[06:50:49] [DBUG] [builder.NewBuilder:179]: Payload Builder: Enable Debug Mode false
[06:50:49] [DBUG] [server.(*Teamserver).DispatchEvent.func18:882]: Windows Shellcode
[06:50:49] [DBUG] [builder.(*Builder).PatchConfig:579]: map[Amsi/Etw Patch:None Indirect Syscall:false Injection:map[Alloc:Native/Syscall Execute:Native/Syscall Spawn32:C:\Windows\SysWOW64\notepad.exe Spawn64:C:\Windows\System32\notepad.exe] Jitter:15 Proxy Loading:None (LdrLoadDll) Sleep:2 Sleep Jmp Gadget:None Sleep Technique:WaitForSingleObjectEx Stack Duplication:false]
[06:50:49] [DBUG] [builder.(*Builder).PatchConfig:915]: Host => 192.168.17.137
[06:50:49] [DBUG] [builder.(*Builder).PatchConfig:940]: host only
[06:50:49] [DBUG] [builder.(*Builder).PatchConfig:971]: 
[06:50:49] [DBUG] [builder.(*Builder).PatchConfig:982]: 
[06:50:49] [DBUG] [builder.(*Builder).Build:331]: /usr/bin/nasm -f win32 src/asm/Spoof.x86.asm -o /tmp/efa3a8a63b/6d9a514686.o
[06:50:49] [DBUG] [builder.(*Builder).Build:331]: /usr/bin/nasm -f win32 src/asm/Syscall.x86.asm -o /tmp/efa3a8a63b/385ef8216d.o
[06:50:49] [DBUG] [builder.(*Builder).Build:389]: Compile dll and prepend shellcode to it.
[06:50:49] [DBUG] [builder.NewBuilder:179]: Payload Builder: Enable Debug Mode false
[06:50:49] [DBUG] [builder.(*Builder).SetPatchConfig:465]: Set Patch config from Profile
[06:50:49] [DBUG] [builder.(*Builder).PatchConfig:579]: map[Amsi/Etw Patch:None Indirect Syscall:false Injection:map[Alloc:Native/Syscall Execute:Native/Syscall Spawn32:C:\Windows\SysWOW64\notepad.exe Spawn64:C:\Windows\System32\notepad.exe] Jitter:15 Proxy Loading:None (LdrLoadDll) Sleep:2 Sleep Jmp Gadget:None Sleep Technique:WaitForSingleObjectEx Stack Duplication:false]
[06:50:49] [DBUG] [builder.(*Builder).PatchConfig:915]: Host => 192.168.17.137
[06:50:49] [DBUG] [builder.(*Builder).PatchConfig:940]: host only
[06:50:49] [DBUG] [builder.(*Builder).PatchConfig:971]: 
[06:50:49] [DBUG] [builder.(*Builder).PatchConfig:982]: 
[06:50:49] [DBUG] [builder.(*Builder).Build:331]: /usr/bin/nasm -f win32 src/asm/Spoof.x86.asm -o /tmp/b146b0ec0b/9bfdfece1f.o
[06:50:49] [DBUG] [builder.(*Builder).Build:331]: /usr/bin/nasm -f win32 src/asm/Syscall.x86.asm -o /tmp/b146b0ec0b/fe82fdf430.o
[06:50:49] [DBUG] [builder.(*Builder).Build:379]: Compile dll
[06:51:26] [DBUG] [builder.(*Builder).Build:410]: Successful compiled Dll
