              _______           _______  _______ 
    │\     /│(  ___  )│\     /│(  ___  )(  ____ \
    │ )   ( ││ (   ) ││ )   ( ││ (   ) ││ (    \/
    │ (___) ││ (___) ││ │   │ ││ │   │ ││ │      
    │  ___  ││  ___  │( (   ) )│ │   │ ││ │      
    │ (   ) ││ (   ) │ \ \_/ / │ │   │ ││ │      
    │ )   ( ││ )   ( │  \   /  │ (___) ││ (____/\
    │/     \││/     \│   \_/   (_______)(_______/

  	 pwn and elevate until it's done

[06:56:47] [DBUG] [cmd.init.func2:59]: Debug mode enabled
[06:56:47] [INFO] Havoc Framework [Version: 0.7] [CodeName: Bites The Dust]
[06:56:47] [INFO] Havoc profile: ./profiles/havoc.yaotl
[06:56:47] [INFO] Build: 
 - Compiler x64 : data/x86_64-w64-mingw32-cross/bin/x86_64-w64-mingw32-gcc
 - Compiler x86 : data/i686-w64-mingw32-cross/bin/i686-w64-mingw32-gcc
 - Nasm         : /usr/bin/nasm
[06:56:47] [INFO] Time: 12/07/2024 06:56:47
[06:56:47] [INFO] Teamserver logs saved under: data/loot/2024.07.12._06:56:47
[06:56:47] [DBUG] [server.(*Teamserver).Start:53]: Starting teamserver...
[06:56:47] [INFO] Starting Teamserver on wss://0.0.0.0:40056
[06:56:47] [INFO] [SERVICE] starting service handle on wss://0.0.0.0:40056/service-endpoint
[06:56:47] [INFO] Opens existing database: data/teamserver.db
[06:56:47] [DBUG] [certs.HTTPSGenerateRSACertificate:301]: Generating TLS certificate (RSA) for '0.0.0.0' ...
[06:56:47] [INFO] Starting 1 listeners from last session
[06:56:47] [DBUG] [handlers.(*HTTP).Start:204]: Setup HTTP/s Server
[06:56:47] [INFO] Started "1" listener: http://192.168.17.137:80
[06:56:47] [INFO] Restored 2 agents from last session
[06:56:47] [DBUG] [server.(*Teamserver).Start:492]: Wait til the server shutdown
[06:56:48] [DBUG] [certs.generateCertificate:223]: Valid from 2024-03-24 06:56:48.046310801 -0400 EDT to 2027-03-24 06:56:48.046310801 -0400 EDT
[06:56:48] [DBUG] [certs.generateCertificate:228]: Serial Number: 237939236399334751700901498413608449780
[06:56:48] [DBUG] [certs.generateCertificate:234]: Authority certificate
[06:56:48] [DBUG] [certs.generateCertificate:247]: ExtKeyUsage = [1 2]
[06:56:48] [DBUG] [certs.generateCertificate:263]: Certificate authenticates IP address: 0.0.0.0
[06:56:48] [DBUG] [certs.generateCertificate:278]: Certificate is an AUTHORITY
[06:56:50] [DBUG] [server.(*Teamserver).ClientAuthenticate:658]: Found User: 5pider
[06:56:50] [DBUG] [server.(*Teamserver).ClientAuthenticate:665]: User 5pider is authenticated
[06:56:50] [GOOD] User <5pider> Authenticated
[06:56:56] [DBUG] [builder.NewBuilder:179]: Payload Builder: Enable Debug Mode false
[06:56:56] [DBUG] [server.(*Teamserver).DispatchEvent.func18:882]: Windows Shellcode
[06:56:56] [DBUG] [builder.(*Builder).PatchConfig:579]: map[Amsi/Etw Patch:None Indirect Syscall:false Injection:map[Alloc:Native/Syscall Execute:Native/Syscall Spawn32:C:\Windows\SysWOW64\notepad.exe Spawn64:C:\Windows\System32\notepad.exe] Jitter:15 Proxy Loading:None (LdrLoadDll) Sleep:2 Sleep Jmp Gadget:None Sleep Technique:WaitForSingleObjectEx Stack Duplication:false]
[06:56:56] [DBUG] [builder.(*Builder).PatchConfig:915]: Host => 192.168.17.137
[06:56:56] [DBUG] [builder.(*Builder).PatchConfig:940]: host only
[06:56:56] [DBUG] [builder.(*Builder).PatchConfig:971]: 
[06:56:56] [DBUG] [builder.(*Builder).PatchConfig:982]: 
[06:56:56] [DBUG] [builder.(*Builder).Build:331]: /usr/bin/nasm -f win64 src/asm/Spoof.x64.asm -o /tmp/588b1d3e1c/aebb09ac2a.o
[06:56:56] [DBUG] [builder.(*Builder).Build:331]: /usr/bin/nasm -f win64 src/asm/Syscall.x64.asm -o /tmp/588b1d3e1c/872f59101b.o
[06:56:56] [DBUG] [builder.(*Builder).Build:389]: Compile dll and prepend shellcode to it.
[06:56:56] [DBUG] [builder.NewBuilder:179]: Payload Builder: Enable Debug Mode false
[06:56:56] [DBUG] [builder.(*Builder).SetPatchConfig:465]: Set Patch config from Profile
[06:56:56] [DBUG] [builder.(*Builder).PatchConfig:579]: map[Amsi/Etw Patch:None Indirect Syscall:false Injection:map[Alloc:Native/Syscall Execute:Native/Syscall Spawn32:C:\Windows\SysWOW64\notepad.exe Spawn64:C:\Windows\System32\notepad.exe] Jitter:15 Proxy Loading:None (LdrLoadDll) Sleep:2 Sleep Jmp Gadget:None Sleep Technique:WaitForSingleObjectEx Stack Duplication:false]
[06:56:56] [DBUG] [builder.(*Builder).PatchConfig:915]: Host => 192.168.17.137
[06:56:56] [DBUG] [builder.(*Builder).PatchConfig:940]: host only
[06:56:56] [DBUG] [builder.(*Builder).PatchConfig:971]: 
[06:56:56] [DBUG] [builder.(*Builder).PatchConfig:982]: 
[06:56:56] [DBUG] [builder.(*Builder).Build:331]: /usr/bin/nasm -f win64 src/asm/Spoof.x64.asm -o /tmp/eb7383dfae/371a81f90c.o
[06:56:56] [DBUG] [builder.(*Builder).Build:331]: /usr/bin/nasm -f win64 src/asm/Syscall.x64.asm -o /tmp/eb7383dfae/32c6a8c386.o
[06:56:56] [DBUG] [builder.(*Builder).Build:379]: Compile dll
[06:57:53] [DBUG] [builder.(*Builder).Build:410]: Successful compiled Dll
[07:07:10] [WARN] User <5pider> Disconnected
