              _______           _______  _______ 
    │\     /│(  ___  )│\     /│(  ___  )(  ____ \
    │ )   ( ││ (   ) ││ )   ( ││ (   ) ││ (    \/
    │ (___) ││ (___) ││ │   │ ││ │   │ ││ │      
    │  ___  ││  ___  │( (   ) )│ │   │ ││ │      
    │ (   ) ││ (   ) │ \ \_/ / │ │   │ ││ │      
    │ )   ( ││ )   ( │  \   /  │ (___) ││ (____/\
    │/     \││/     \│   \_/   (_______)(_______/

  	 pwn and elevate until it's done

[08:15:09] [DBUG] [cmd.init.func2:59]: Debug mode enabled
[08:15:09] [INFO] Havoc Framework [Version: 0.7] [CodeName: Bites The Dust]
[08:15:09] [INFO] Havoc profile: ./profiles/havoc.yaotl
[08:15:09] [INFO] Build: 
 - Compiler x64 : data/x86_64-w64-mingw32-cross/bin/x86_64-w64-mingw32-gcc
 - Compiler x86 : data/i686-w64-mingw32-cross/bin/i686-w64-mingw32-gcc
 - Nasm         : /usr/bin/nasm
[08:15:09] [INFO] Time: 15/07/2024 08:15:09
[08:15:09] [INFO] Teamserver logs saved under: data/loot/2024.07.15._08:15:09
[08:15:09] [DBUG] [server.(*Teamserver).Start:53]: Starting teamserver...
[08:15:09] [INFO] Starting Teamserver on wss://0.0.0.0:40056
[08:15:09] [INFO] [SERVICE] starting service handle on wss://0.0.0.0:40056/service-endpoint
[08:15:09] [INFO] Opens existing database: data/teamserver.db
[08:15:09] [DBUG] [certs.HTTPSGenerateRSACertificate:301]: Generating TLS certificate (RSA) for '0.0.0.0' ...
[08:15:09] [INFO] Starting 1 listeners from last session
[08:15:09] [DBUG] [handlers.(*HTTP).Start:204]: Setup HTTP/s Server
[08:15:09] [INFO] Started "1" listener: http://192.168.17.137:80
[08:15:09] [ERRO] Couldn't start HTTP handler: listen tcp 192.168.17.137:80: bind: cannot assign requested address
[08:15:09] [INFO] Restored 17 agents from last session
[08:15:09] [DBUG] [server.(*Teamserver).Start:492]: Wait til the server shutdown
[08:15:09] [DBUG] [certs.generateCertificate:223]: Valid from 2023-09-21 08:15:09.480893865 -0400 EDT to 2026-09-20 08:15:09.480893865 -0400 EDT
[08:15:09] [DBUG] [certs.generateCertificate:228]: Serial Number: 212240697166438694967936724110999556109
[08:15:09] [DBUG] [certs.generateCertificate:234]: Authority certificate
[08:15:09] [DBUG] [certs.generateCertificate:247]: ExtKeyUsage = [1 2]
[08:15:09] [DBUG] [certs.generateCertificate:263]: Certificate authenticates IP address: 0.0.0.0
[08:15:09] [DBUG] [certs.generateCertificate:278]: Certificate is an AUTHORITY
