              _______           _______  _______ 
    │\     /│(  ___  )│\     /│(  ___  )(  ____ \
    │ )   ( ││ (   ) ││ )   ( ││ (   ) ││ (    \/
    │ (___) ││ (___) ││ │   │ ││ │   │ ││ │      
    │  ___  ││  ___  │( (   ) )│ │   │ ││ │      
    │ (   ) ││ (   ) │ \ \_/ / │ │   │ ││ │      
    │ )   ( ││ )   ( │  \   /  │ (___) ││ (____/\
    │/     \││/     \│   \_/   (_______)(_______/

  	 pwn and elevate until it's done

[11:31:23] [DBUG] [cmd.init.func2:59]: Debug mode enabled
[11:31:23] [INFO] Havoc Framework [Version: 0.7] [CodeName: Bites The Dust]
[11:31:23] [INFO] Havoc profile: ./profiles/havoc.yaotl
[11:31:23] [INFO] Build: 
 - Compiler x64 : data/x86_64-w64-mingw32-cross/bin/x86_64-w64-mingw32-gcc
 - Compiler x86 : data/i686-w64-mingw32-cross/bin/i686-w64-mingw32-gcc
 - Nasm         : /usr/bin/nasm
[11:31:23] [INFO] Time: 13/07/2024 11:31:23
[11:31:23] [INFO] Teamserver logs saved under: data/loot/2024.07.13._11:31:23
[11:31:23] [DBUG] [server.(*Teamserver).Start:53]: Starting teamserver...
[11:31:23] [INFO] Starting Teamserver on wss://0.0.0.0:40056
[11:31:23] [INFO] [SERVICE] starting service handle on wss://0.0.0.0:40056/service-endpoint
[11:31:23] [INFO] Opens existing database: data/teamserver.db
[11:31:23] [DBUG] [certs.HTTPSGenerateRSACertificate:301]: Generating TLS certificate (RSA) for '0.0.0.0' ...
[11:31:23] [INFO] Starting 1 listeners from last session
[11:31:23] [DBUG] [handlers.(*HTTP).Start:204]: Setup HTTP/s Server
[11:31:23] [INFO] Started "1" listener: http://192.168.17.137:80
[11:31:23] [INFO] Restored 6 agents from last session
[11:31:23] [DBUG] [server.(*Teamserver).Start:492]: Wait til the server shutdown
[11:31:23] [DBUG] [certs.generateCertificate:223]: Valid from 2023-11-28 11:31:23.450054064 -0500 EST to 2026-11-27 11:31:23.450054064 -0500 EST
[11:31:23] [DBUG] [certs.generateCertificate:228]: Serial Number: 137964990972243925553571030484752642000
[11:31:23] [DBUG] [certs.generateCertificate:234]: Authority certificate
[11:31:23] [DBUG] [certs.generateCertificate:247]: ExtKeyUsage = [1 2]
[11:31:23] [DBUG] [certs.generateCertificate:263]: Certificate authenticates IP address: 0.0.0.0
[11:31:23] [DBUG] [certs.generateCertificate:278]: Certificate is an AUTHORITY
[11:31:25] [DBUG] [server.(*Teamserver).ClientAuthenticate:658]: Found User: 5pider
[11:31:25] [DBUG] [server.(*Teamserver).ClientAuthenticate:665]: User 5pider is authenticated
[11:31:25] [GOOD] User <5pider> Authenticated
[11:31:31] [DBUG] [builder.NewBuilder:179]: Payload Builder: Enable Debug Mode false
[11:31:31] [DBUG] [server.(*Teamserver).DispatchEvent.func18:882]: Windows Exe
[11:31:31] [DBUG] [builder.(*Builder).PatchConfig:579]: map[Amsi/Etw Patch:None Indirect Syscall:false Injection:map[Alloc:Native/Syscall Execute:Native/Syscall Spawn32:C:\Windows\SysWOW64\notepad.exe Spawn64:C:\Windows\System32\notepad.exe] Jitter:15 Proxy Loading:None (LdrLoadDll) Sleep:2 Sleep Jmp Gadget:None Sleep Technique:WaitForSingleObjectEx Stack Duplication:false]
[11:31:31] [DBUG] [builder.(*Builder).PatchConfig:915]: Host => 192.168.17.137
[11:31:31] [DBUG] [builder.(*Builder).PatchConfig:940]: host only
[11:31:31] [DBUG] [builder.(*Builder).PatchConfig:971]: 
[11:31:31] [DBUG] [builder.(*Builder).PatchConfig:982]: 
[11:31:31] [DBUG] [builder.(*Builder).Build:331]: /usr/bin/nasm -f win64 src/asm/Spoof.x64.asm -o /tmp/b82f98fc24/e228d3f913.o
[11:31:31] [DBUG] [builder.(*Builder).Build:331]: /usr/bin/nasm -f win64 src/asm/Syscall.x64.asm -o /tmp/b82f98fc24/6226ede94b.o
[11:31:31] [DBUG] [builder.(*Builder).Build:359]: Compile exe
[11:33:36] [DBUG] [builder.NewBuilder:179]: Payload Builder: Enable Debug Mode false
[11:33:36] [DBUG] [server.(*Teamserver).DispatchEvent.func18:882]: Windows Shellcode
[11:33:36] [DBUG] [builder.(*Builder).PatchConfig:579]: map[Amsi/Etw Patch:None Indirect Syscall:false Injection:map[Alloc:Native/Syscall Execute:Native/Syscall Spawn32:C:\Windows\SysWOW64\notepad.exe Spawn64:C:\Windows\System32\notepad.exe] Jitter:15 Proxy Loading:None (LdrLoadDll) Sleep:2 Sleep Jmp Gadget:None Sleep Technique:WaitForSingleObjectEx Stack Duplication:false]
[11:33:36] [DBUG] [builder.(*Builder).PatchConfig:915]: Host => 192.168.17.137
[11:33:36] [DBUG] [builder.(*Builder).PatchConfig:940]: host only
[11:33:36] [DBUG] [builder.(*Builder).PatchConfig:971]: 
[11:33:36] [DBUG] [builder.(*Builder).PatchConfig:982]: 
[11:33:36] [DBUG] [builder.(*Builder).Build:331]: /usr/bin/nasm -f win64 src/asm/Spoof.x64.asm -o /tmp/02267e04ea/6116ec42ec.o
[11:33:36] [DBUG] [builder.(*Builder).Build:331]: /usr/bin/nasm -f win64 src/asm/Syscall.x64.asm -o /tmp/02267e04ea/bb0214277e.o
[11:33:36] [DBUG] [builder.(*Builder).Build:389]: Compile dll and prepend shellcode to it.
[11:33:36] [DBUG] [builder.NewBuilder:179]: Payload Builder: Enable Debug Mode false
[11:33:36] [DBUG] [builder.(*Builder).SetPatchConfig:465]: Set Patch config from Profile
[11:33:36] [DBUG] [builder.(*Builder).PatchConfig:579]: map[Amsi/Etw Patch:None Indirect Syscall:false Injection:map[Alloc:Native/Syscall Execute:Native/Syscall Spawn32:C:\Windows\SysWOW64\notepad.exe Spawn64:C:\Windows\System32\notepad.exe] Jitter:15 Proxy Loading:None (LdrLoadDll) Sleep:2 Sleep Jmp Gadget:None Sleep Technique:WaitForSingleObjectEx Stack Duplication:false]
[11:33:36] [DBUG] [builder.(*Builder).PatchConfig:915]: Host => 192.168.17.137
[11:33:36] [DBUG] [builder.(*Builder).PatchConfig:940]: host only
[11:33:36] [DBUG] [builder.(*Builder).PatchConfig:971]: 
[11:33:36] [DBUG] [builder.(*Builder).PatchConfig:982]: 
[11:33:36] [DBUG] [builder.(*Builder).Build:331]: /usr/bin/nasm -f win64 src/asm/Spoof.x64.asm -o /tmp/2c4fc7d762/9ebc54d36b.o
[11:33:36] [DBUG] [builder.(*Builder).Build:331]: /usr/bin/nasm -f win64 src/asm/Syscall.x64.asm -o /tmp/2c4fc7d762/1614ac9b6d.o
[11:33:36] [DBUG] [builder.(*Builder).Build:379]: Compile dll
[11:34:38] [DBUG] [builder.(*Builder).Build:410]: Successful compiled Dll
[11:36:10] [DBUG] [handlers.handleDemonAgent:262]: Agent does not exists. hope this is a register request
[11:36:10] [DBUG] [agent.ParseDemonRegisterRequest:404]: Parsed DemonID: 228d03ec
[11:36:10] [DBUG] [agent.ParseDemonRegisterRequest:412]: AgentID (228d03ec) == DemonID (228d03ec)

[11:36:10] [DBUG] [agent.ParseDemonRegisterRequest:424]: 
Hostname: WINDEV2401EVAL
Username: User
Domain  : 
InternIP: 192.168.17.131
ExternIP: 192.168.17.131

[11:36:10] [DBUG] [agent.ParseDemonRegisterRequest:441]: 
ProcessName : C:\Users\User\Desktop\WinDev\Maldev\Maldev2\RE_Loader\x64\Release\RE_Loader.exe
ProcessPID  : 10716
ProcessTID  : 10740
ProcessPPID : 0
ProcessArch : 2
Elevated    : 0
Base Address: 0x2538de00000

[11:36:10] [DBUG] [agent.ParseDemonRegisterRequest:459]: 
SleepDelay  : 2
SleepJitter : 15

[11:36:10] [DBUG] [agent.ParseDemonRegisterRequest:594]: Finished parsing demon
[11:36:10] [DBUG] [packer.(*Packer).Build:87]: No Aes Key specified
[11:36:10] [DBUG] [handlers.handleDemonAgent:295]: Finished request
[11:44:43] [DBUG] [handlers.handleDemonAgent:262]: Agent does not exists. hope this is a register request
[11:44:43] [DBUG] [agent.ParseDemonRegisterRequest:404]: Parsed DemonID: 527ad8ee
[11:44:43] [DBUG] [agent.ParseDemonRegisterRequest:412]: AgentID (527ad8ee) == DemonID (527ad8ee)

[11:44:43] [DBUG] [agent.ParseDemonRegisterRequest:424]: 
Hostname: WINDEV2401EVAL
Username: User
Domain  : 
InternIP: 192.168.17.131
ExternIP: 192.168.17.131

[11:44:43] [DBUG] [agent.ParseDemonRegisterRequest:441]: 
ProcessName : C:\Users\User\Desktop\WinDev\Maldev\Maldev2\RE_Loader\x64\Release\RE_Loader.exe
ProcessPID  : 692
ProcessTID  : 19664
ProcessPPID : 0
ProcessArch : 2
Elevated    : 0
Base Address: 0x20b415e0000

[11:44:43] [DBUG] [agent.ParseDemonRegisterRequest:459]: 
SleepDelay  : 2
SleepJitter : 15

[11:44:43] [DBUG] [agent.ParseDemonRegisterRequest:594]: Finished parsing demon
[11:44:43] [DBUG] [packer.(*Packer).Build:87]: No Aes Key specified
[11:44:43] [DBUG] [handlers.handleDemonAgent:295]: Finished request
[11:44:55] [DBUG] [agent.(*Agent).TaskDispatch:2661]: Agent: 527ad8ee, Command: COMMAND_SLEEP, SleepDelay: 3, SleepJitter: 0
[11:45:01] [DBUG] [agent.(*Agent).TaskDispatch:6384]: Agent: 527ad8ee, Command: COMMAND_MEM_FILE, Success: 1, MemFileID: 92dd23df
[11:45:01] [DBUG] [agent.(*Agent).TaskDispatch:6384]: Agent: 527ad8ee, Command: COMMAND_MEM_FILE, Success: 1, MemFileID: 29af6bd8
[11:45:01] [DBUG] [agent.(*Agent).TaskDispatch:3375]: Agent: 527ad8ee, Command: BEACON_OUTPUT - CALLBACK_OUTPUT
[11:45:01] [DBUG] [agent.(*Agent).TaskDispatch:3998]: Agent: 527ad8ee, Command: COMMAND_INLINEEXECUTE - COMMAND_INLINEEXECUTE_RAN_OK
[11:54:26] [WARN] User <5pider> Disconnected
