              _______           _______  _______ 
    │\     /│(  ___  )│\     /│(  ___  )(  ____ \
    │ )   ( ││ (   ) ││ )   ( ││ (   ) ││ (    \/
    │ (___) ││ (___) ││ │   │ ││ │   │ ││ │      
    │  ___  ││  ___  │( (   ) )│ │   │ ││ │      
    │ (   ) ││ (   ) │ \ \_/ / │ │   │ ││ │      
    │ )   ( ││ )   ( │  \   /  │ (___) ││ (____/\
    │/     \││/     \│   \_/   (_______)(_______/

  	 pwn and elevate until it's done

[06:32:53] [DBUG] [cmd.init.func2:59]: Debug mode enabled
[06:32:53] [INFO] Havoc Framework [Version: 0.7] [CodeName: Bites The Dust]
[06:32:53] [INFO] Havoc profile: ./profiles/havoc.yaotl
[06:32:53] [INFO] Build: 
 - Compiler x64 : data/x86_64-w64-mingw32-cross/bin/x86_64-w64-mingw32-gcc
 - Compiler x86 : data/i686-w64-mingw32-cross/bin/i686-w64-mingw32-gcc
 - Nasm         : /usr/bin/nasm
[06:32:53] [INFO] Time: 12/07/2024 06:32:53
[06:32:53] [INFO] Teamserver logs saved under: data/loot/2024.07.12._06:32:53
[06:32:53] [DBUG] [server.(*Teamserver).Start:53]: Starting teamserver...
[06:32:53] [INFO] Starting Teamserver on wss://0.0.0.0:40056
[06:32:53] [INFO] [SERVICE] starting service handle on wss://0.0.0.0:40056/service-endpoint
[06:32:53] [INFO] Opens existing database: data/teamserver.db
[06:32:53] [INFO] Starting 1 listeners from last session
[06:32:53] [DBUG] [handlers.(*HTTP).Start:204]: Setup HTTP/s Server
[06:32:53] [INFO] Started "1" listener: http://192.168.17.137:80
[06:32:53] [DBUG] [certs.HTTPSGenerateRSACertificate:301]: Generating TLS certificate (RSA) for '0.0.0.0' ...
[06:32:53] [INFO] Restored 1 agents from last session
[06:32:53] [DBUG] [server.(*Teamserver).Start:492]: Wait til the server shutdown
[06:32:53] [DBUG] [certs.generateCertificate:223]: Valid from 2024-07-11 06:32:53.943345764 -0400 EDT to 2027-07-11 06:32:53.943345764 -0400 EDT
[06:32:53] [DBUG] [certs.generateCertificate:228]: Serial Number: 283867408013021828222786173601333296906
[06:32:53] [DBUG] [certs.generateCertificate:234]: Authority certificate
[06:32:53] [DBUG] [certs.generateCertificate:247]: ExtKeyUsage = [1 2]
[06:32:53] [DBUG] [certs.generateCertificate:263]: Certificate authenticates IP address: 0.0.0.0
[06:32:53] [DBUG] [certs.generateCertificate:278]: Certificate is an AUTHORITY
[06:32:55] [DBUG] [server.(*Teamserver).ClientAuthenticate:658]: Found User: 5pider
[06:32:55] [DBUG] [server.(*Teamserver).ClientAuthenticate:665]: User 5pider is authenticated
[06:32:55] [GOOD] User <5pider> Authenticated
[06:32:56] [DBUG] [handlers.handleDemonAgent:84]: Agent: 6462235e, Command: DEMON_INIT
[06:32:56] [DBUG] [packer.(*Packer).Build:87]: No Aes Key specified
[06:32:56] [DBUG] [handlers.handleDemonAgent:95]: reconnected 8233bf80
[06:33:01] [DBUG] [builder.NewBuilder:179]: Payload Builder: Enable Debug Mode false
[06:33:01] [DBUG] [server.(*Teamserver).DispatchEvent.func18:882]: Windows Shellcode
[06:33:01] [DBUG] [builder.(*Builder).PatchConfig:579]: map[Amsi/Etw Patch:None Indirect Syscall:false Injection:map[Alloc:Native/Syscall Execute:Native/Syscall Spawn32:C:\Windows\SysWOW64\notepad.exe Spawn64:C:\Windows\System32\notepad.exe] Jitter:15 Proxy Loading:None (LdrLoadDll) Sleep:2 Sleep Jmp Gadget:None Sleep Technique:WaitForSingleObjectEx Stack Duplication:false]
[06:33:01] [DBUG] [builder.(*Builder).PatchConfig:915]: Host => 192.168.17.137
[06:33:01] [DBUG] [builder.(*Builder).PatchConfig:940]: host only
[06:33:01] [DBUG] [builder.(*Builder).PatchConfig:971]: 
[06:33:01] [DBUG] [builder.(*Builder).PatchConfig:982]: 
[06:33:01] [DBUG] [builder.(*Builder).Build:331]: /usr/bin/nasm -f win64 src/asm/Spoof.x64.asm -o /tmp/8375759832/1ec6c4c610.o
[06:33:01] [DBUG] [builder.(*Builder).Build:331]: /usr/bin/nasm -f win64 src/asm/Syscall.x64.asm -o /tmp/8375759832/2f770c3248.o
[06:33:01] [DBUG] [builder.(*Builder).Build:389]: Compile dll and prepend shellcode to it.
[06:33:01] [DBUG] [builder.NewBuilder:179]: Payload Builder: Enable Debug Mode false
[06:33:01] [DBUG] [builder.(*Builder).SetPatchConfig:465]: Set Patch config from Profile
[06:33:01] [DBUG] [builder.(*Builder).PatchConfig:579]: map[Amsi/Etw Patch:None Indirect Syscall:false Injection:map[Alloc:Native/Syscall Execute:Native/Syscall Spawn32:C:\Windows\SysWOW64\notepad.exe Spawn64:C:\Windows\System32\notepad.exe] Jitter:15 Proxy Loading:None (LdrLoadDll) Sleep:2 Sleep Jmp Gadget:None Sleep Technique:WaitForSingleObjectEx Stack Duplication:false]
[06:33:01] [DBUG] [builder.(*Builder).PatchConfig:915]: Host => 192.168.17.137
[06:33:01] [DBUG] [builder.(*Builder).PatchConfig:940]: host only
[06:33:01] [DBUG] [builder.(*Builder).PatchConfig:971]: 
[06:33:01] [DBUG] [builder.(*Builder).PatchConfig:982]: 
[06:33:01] [DBUG] [builder.(*Builder).Build:331]: /usr/bin/nasm -f win64 src/asm/Spoof.x64.asm -o /tmp/785b908fe7/ea9176abe9.o
[06:33:01] [DBUG] [builder.(*Builder).Build:331]: /usr/bin/nasm -f win64 src/asm/Syscall.x64.asm -o /tmp/785b908fe7/d607ccd6ae.o
[06:33:01] [DBUG] [builder.(*Builder).Build:379]: Compile dll
[06:33:56] [DBUG] [builder.(*Builder).Build:410]: Successful compiled Dll
[06:34:42] [WARN] User <5pider> Disconnected
